<?xml version="1.0" encoding="UTF-8"?>
<!-- Generated by org.testng.reporters.JUnitXMLReporter -->
<testsuite hostname="Shrihan-PC" ignored="0" name="Default test" tests="1" failures="1" timestamp="2020-03-12T22:08:31 IST" time="11.934" errors="0">
  <testcase name="Test1" time="11.758" classname="TestNGAnnotations.TCAutomobile">
    <failure type="org.openqa.selenium.SessionNotCreatedException" message="session not created
from disconnected: Unable to receive message from renderer
  (Session info: chrome=80.0.3987.132)
Build info: version: &amp;apos;3.141.59&amp;apos;, revision: &amp;apos;e82be7d358&amp;apos;, time: &amp;apos;2018-11-14T08:25:53&amp;apos;
System info: host: &amp;apos;SHRIHAN-PC&amp;apos;, ip: &amp;apos;192.168.56.1&amp;apos;, os.name: &amp;apos;Windows 7&amp;apos;, os.arch: &amp;apos;amd64&amp;apos;, os.version: &amp;apos;6.1&amp;apos;, java.version: &amp;apos;1.8.0_231&amp;apos;
Driver info: driver.version: ChromeDriver
remote stacktrace: Backtrace:
	Ordinal0 [0x01040C83+1707139]
	Ordinal0 [0x00FA68F1+1075441]
	Ordinal0 [0x00F1DFC9+516041]
	Ordinal0 [0x00F15DA5+482725]
	Ordinal0 [0x00F153AC+480172]
	Ordinal0 [0x00F155D5+480725]
	Ordinal0 [0x00F15035+479285]
	Ordinal0 [0x00F1CD25+511269]
	Ordinal0 [0x00F14FE8+479208]
	Ordinal0 [0x00F15A3B+481851]
	Ordinal0 [0x00F153AC+480172]
	Ordinal0 [0x00F155D5+480725]
	Ordinal0 [0x00F15035+479285]
	Ordinal0 [0x00F1B5AE+505262]
	Ordinal0 [0x00F14FE8+479208]
	Ordinal0 [0x00F15A3B+481851]
	Ordinal0 [0x00F153AC+480172]
	Ordinal0 [0x00F155D5+480725]
	Ordinal0 [0x00F15035+479285]
	Ordinal0 [0x00F19E1C+499228]
	Ordinal0 [0x00F14FE8+479208]
	Ordinal0 [0x00F15A3B+481851]
	Ordinal0 [0x00F153AC+480172]
	Ordinal0 [0x00F155D5+480725]
	Ordinal0 [0x00F15035+479285]
	Ordinal0 [0x00F194B7+496823]
	Ordinal0 [0x00F14FE8+479208]
	Ordinal0 [0x00F15A3B+481851]
	Ordinal0 [0x00F153AC+480172]
	Ordinal0 [0x00F155D5+480725]
	Ordinal0 [0x00F15035+479285]
	Ordinal0 [0x00F11B5C+465756]
	Ordinal0 [0x00F14FE8+479208]
	Ordinal0 [0x00F14EC4+478916]
	Ordinal0 [0x00F1ECA0+519328]
	Ordinal0 [0x00ECCA67+182887]
	Ordinal0 [0x00ECBDDD+179677]
	Ordinal0 [0x00EC9D4B+171339]
	Ordinal0 [0x00EB1D4A+73034]
	Ordinal0 [0x00EB2DC0+77248]
	Ordinal0 [0x00EB2D59+77145]
	Ordinal0 [0x00FBBB67+1162087]
	GetHandleVerifier [0x010DA966+508998]
	GetHandleVerifier [0x010DA6A4+508292]
	GetHandleVerifier [0x010EF7B7+594583]
	GetHandleVerifier [0x010DB1D6+511158]
	Ordinal0 [0x00FB402C+1130540]
	Ordinal0 [0x00FBD4CB+1168587]
	Ordinal0 [0x00FBD633+1168947]
	Ordinal0 [0x00FD5B35+1268533]
	BaseThreadInitThunk [0x7640344D+18]
	RtlInitializeExceptionChain [0x77209802+99]
	RtlInitializeExceptionChain [0x772097D5+54]
">
      <![CDATA[org.openqa.selenium.SessionNotCreatedException: session not created
from disconnected: Unable to receive message from renderer
  (Session info: chrome=80.0.3987.132)
Build info: version: '3.141.59', revision: 'e82be7d358', time: '2018-11-14T08:25:53'
System info: host: 'SHRIHAN-PC', ip: '192.168.56.1', os.name: 'Windows 7', os.arch: 'amd64', os.version: '6.1', java.version: '1.8.0_231'
Driver info: driver.version: ChromeDriver
remote stacktrace: Backtrace:
Ordinal0 [0x01040C83+1707139]
Ordinal0 [0x00FA68F1+1075441]
Ordinal0 [0x00F1DFC9+516041]
Ordinal0 [0x00F15DA5+482725]
Ordinal0 [0x00F153AC+480172]
Ordinal0 [0x00F155D5+480725]
Ordinal0 [0x00F15035+479285]
Ordinal0 [0x00F1CD25+511269]
Ordinal0 [0x00F14FE8+479208]
Ordinal0 [0x00F15A3B+481851]
Ordinal0 [0x00F153AC+480172]
Ordinal0 [0x00F155D5+480725]
Ordinal0 [0x00F15035+479285]
Ordinal0 [0x00F1B5AE+505262]
Ordinal0 [0x00F14FE8+479208]
Ordinal0 [0x00F15A3B+481851]
Ordinal0 [0x00F153AC+480172]
Ordinal0 [0x00F155D5+480725]
Ordinal0 [0x00F15035+479285]
Ordinal0 [0x00F19E1C+499228]
Ordinal0 [0x00F14FE8+479208]
Ordinal0 [0x00F15A3B+481851]
Ordinal0 [0x00F153AC+480172]
Ordinal0 [0x00F155D5+480725]
Ordinal0 [0x00F15035+479285]
Ordinal0 [0x00F194B7+496823]
Ordinal0 [0x00F14FE8+479208]
Ordinal0 [0x00F15A3B+481851]
Ordinal0 [0x00F153AC+480172]
Ordinal0 [0x00F155D5+480725]
Ordinal0 [0x00F15035+479285]
Ordinal0 [0x00F11B5C+465756]
Ordinal0 [0x00F14FE8+479208]
Ordinal0 [0x00F14EC4+478916]
Ordinal0 [0x00F1ECA0+519328]
Ordinal0 [0x00ECCA67+182887]
Ordinal0 [0x00ECBDDD+179677]
Ordinal0 [0x00EC9D4B+171339]
Ordinal0 [0x00EB1D4A+73034]
Ordinal0 [0x00EB2DC0+77248]
Ordinal0 [0x00EB2D59+77145]
Ordinal0 [0x00FBBB67+1162087]
GetHandleVerifier [0x010DA966+508998]
GetHandleVerifier [0x010DA6A4+508292]
GetHandleVerifier [0x010EF7B7+594583]
GetHandleVerifier [0x010DB1D6+511158]
Ordinal0 [0x00FB402C+1130540]
Ordinal0 [0x00FBD4CB+1168587]
Ordinal0 [0x00FBD633+1168947]
Ordinal0 [0x00FD5B35+1268533]
BaseThreadInitThunk [0x7640344D+18]
RtlInitializeExceptionChain [0x77209802+99]
RtlInitializeExceptionChain [0x772097D5+54]

at sun.reflect.NativeConstructorAccessorImpl.newInstance0(Native Method)
at sun.reflect.NativeConstructorAccessorImpl.newInstance(Unknown Source)
at sun.reflect.DelegatingConstructorAccessorImpl.newInstance(Unknown Source)
at java.lang.reflect.Constructor.newInstance(Unknown Source)
at org.openqa.selenium.remote.W3CHandshakeResponse.lambda$errorHandler$0(W3CHandshakeResponse.java:62)
at org.openqa.selenium.remote.HandshakeResponse.lambda$getResponseFunction$0(HandshakeResponse.java:30)
at org.openqa.selenium.remote.ProtocolHandshake.lambda$createSession$0(ProtocolHandshake.java:126)
at java.util.stream.ReferencePipeline$3$1.accept(Unknown Source)
at java.util.Spliterators$ArraySpliterator.tryAdvance(Unknown Source)
at java.util.stream.ReferencePipeline.forEachWithCancel(Unknown Source)
at java.util.stream.AbstractPipeline.copyIntoWithCancel(Unknown Source)
at java.util.stream.AbstractPipeline.copyInto(Unknown Source)
at java.util.stream.AbstractPipeline.wrapAndCopyInto(Unknown Source)
at java.util.stream.FindOps$FindOp.evaluateSequential(Unknown Source)
at java.util.stream.AbstractPipeline.evaluate(Unknown Source)
at java.util.stream.ReferencePipeline.findFirst(Unknown Source)
at org.openqa.selenium.remote.ProtocolHandshake.createSession(ProtocolHandshake.java:128)
at org.openqa.selenium.remote.ProtocolHandshake.createSession(ProtocolHandshake.java:74)
at org.openqa.selenium.remote.HttpCommandExecutor.execute(HttpCommandExecutor.java:136)
at org.openqa.selenium.remote.service.DriverCommandExecutor.execute(DriverCommandExecutor.java:83)
at org.openqa.selenium.remote.RemoteWebDriver.execute(RemoteWebDriver.java:552)
at org.openqa.selenium.remote.RemoteWebDriver.startSession(RemoteWebDriver.java:213)
at org.openqa.selenium.remote.RemoteWebDriver.<init>(RemoteWebDriver.java:131)
at org.openqa.selenium.chrome.ChromeDriver.<init>(ChromeDriver.java:181)
at org.openqa.selenium.chrome.ChromeDriver.<init>(ChromeDriver.java:168)
at org.openqa.selenium.chrome.ChromeDriver.<init>(ChromeDriver.java:123)
at TestNGAnnotations.TCAutomobile.Test1(TCAutomobile.java:19)
at sun.reflect.NativeMethodAccessorImpl.invoke0(Native Method)
at sun.reflect.NativeMethodAccessorImpl.invoke(Unknown Source)
at sun.reflect.DelegatingMethodAccessorImpl.invoke(Unknown Source)
at java.lang.reflect.Method.invoke(Unknown Source)
at org.testng.internal.MethodInvocationHelper.invokeMethod(MethodInvocationHelper.java:133)
at org.testng.internal.TestInvoker.invokeMethod(TestInvoker.java:584)
at org.testng.internal.TestInvoker.invokeTestMethod(TestInvoker.java:172)
at org.testng.internal.MethodRunner.runInSequence(MethodRunner.java:46)
at org.testng.internal.TestInvoker$MethodInvocationAgent.invoke(TestInvoker.java:804)
at org.testng.internal.TestInvoker.invokeTestMethods(TestInvoker.java:145)
at org.testng.internal.TestMethodWorker.invokeTestMethods(TestMethodWorker.java:146)
at org.testng.internal.TestMethodWorker.run(TestMethodWorker.java:128)
at java.util.ArrayList.forEach(Unknown Source)
at org.testng.TestRunner.privateRun(TestRunner.java:770)
at org.testng.TestRunner.run(TestRunner.java:591)
at org.testng.SuiteRunner.runTest(SuiteRunner.java:402)
at org.testng.SuiteRunner.runSequentially(SuiteRunner.java:396)
at org.testng.SuiteRunner.privateRun(SuiteRunner.java:355)
at org.testng.SuiteRunner.run(SuiteRunner.java:304)
at org.testng.SuiteRunnerWorker.runSuite(SuiteRunnerWorker.java:53)
at org.testng.SuiteRunnerWorker.run(SuiteRunnerWorker.java:96)
at org.testng.TestNG.runSuitesSequentially(TestNG.java:1180)
at org.testng.TestNG.runSuitesLocally(TestNG.java:1102)
at org.testng.TestNG.runSuites(TestNG.java:1032)
at org.testng.TestNG.run(TestNG.java:1000)
at org.testng.remote.AbstractRemoteTestNG.run(AbstractRemoteTestNG.java:115)
at org.testng.remote.RemoteTestNG.initAndRun(RemoteTestNG.java:251)
at org.testng.remote.RemoteTestNG.main(RemoteTestNG.java:77)
]]>
    </failure>
  </testcase> <!-- Test1 -->
</testsuite> <!-- Default test -->
