<html>
<head>
<title>TestNG:  Default test</title>
<link href="../testng.css" rel="stylesheet" type="text/css" />
<link href="../my-testng.css" rel="stylesheet" type="text/css" />

<style type="text/css">
.log { display: none;} 
.stack-trace { display: none;} 
</style>
<script type="text/javascript">
<!--
function flip(e) {
  current = e.style.display;
  if (current == 'block') {
    e.style.display = 'none';
    return 0;
  }
  else {
    e.style.display = 'block';
    return 1;
  }
}

function toggleBox(szDivId, elem, msg1, msg2)
{
  var res = -1;  if (document.getElementById) {
    res = flip(document.getElementById(szDivId));
  }
  else if (document.all) {
    // this is the way old msie versions work
    res = flip(document.all[szDivId]);
  }
  if(elem) {
    if(res == 0) elem.innerHTML = msg1; else elem.innerHTML = msg2;
  }

}

function toggleAllBoxes() {
  if (document.getElementsByTagName) {
    d = document.getElementsByTagName('div');
    for (i = 0; i < d.length; i++) {
      if (d[i].className == 'log') {
        flip(d[i]);
      }
    }
  }
}

// -->
</script>

</head>
<body>
<h2 align='center'>Default test</h2><table border='1' align="center">
<tr>
<td>Tests passed/Failed/Skipped:</td><td>0/1/0</td>
</tr><tr>
<td>Started on:</td><td>Thu Mar 12 22:08:19 IST 2020</td>
</tr>
<tr><td>Total time:</td><td>11 seconds (11934 ms)</td>
</tr><tr>
<td>Included groups:</td><td></td>
</tr><tr>
<td>Excluded groups:</td><td></td>
</tr>
</table><p/>
<small><i>(Hover the method name to see the test class name)</i></small><p/>
<table width='100%' border='1' class='invocation-failed'>
<tr><td colspan='4' align='center'><b>FAILED TESTS</b></td></tr>
<tr><td><b>Test method</b></td>
<td width="30%"><b>Exception</b></td>
<td width="10%"><b>Time (seconds)</b></td>
<td><b>Instance</b></td>
</tr>
<tr>
<td title='TestNGAnnotations.TCAutomobile.Test1()'><b>Test1</b><br>Test class: TestNGAnnotations.TCAutomobile</td>
<td><div><pre>org.openqa.selenium.SessionNotCreatedException: session not created
from disconnected: Unable to receive message from renderer
  (Session info: chrome=80.0.3987.132)
Build info: version: &apos;3.141.59&apos;, revision: &apos;e82be7d358&apos;, time: &apos;2018-11-14T08:25:53&apos;
System info: host: &apos;SHRIHAN-PC&apos;, ip: &apos;192.168.56.1&apos;, os.name: &apos;Windows 7&apos;, os.arch: &apos;amd64&apos;, os.version: &apos;6.1&apos;, java.version: &apos;1.8.0_231&apos;
Driver info: driver.version: ChromeDriver
remote stacktrace: Backtrace:
	Ordinal0 [0x01040C83+1707139]
	Ordinal0 [0x00FA68F1+1075441]
	Ordinal0 [0x00F1DFC9+516041]
	Ordinal0 [0x00F15DA5+482725]
	Ordinal0 [0x00F153AC+480172]
	Ordinal0 [0x00F155D5+480725]
	Ordinal0 [0x00F15035+479285]
	Ordinal0 [0x00F1CD25+511269]
	Ordinal0 [0x00F14FE8+479208]
	Ordinal0 [0x00F15A3B+481851]
	Ordinal0 [0x00F153AC+480172]
	Ordinal0 [0x00F155D5+480725]
	Ordinal0 [0x00F15035+479285]
	Ordinal0 [0x00F1B5AE+505262]
	Ordinal0 [0x00F14FE8+479208]
	Ordinal0 [0x00F15A3B+481851]
	Ordinal0 [0x00F153AC+480172]
	Ordinal0 [0x00F155D5+480725]
	Ordinal0 [0x00F15035+479285]
	Ordinal0 [0x00F19E1C+499228]
	Ordinal0 [0x00F14FE8+479208]
	Ordinal0 [0x00F15A3B+481851]
	Ordinal0 [0x00F153AC+480172]
	Ordinal0 [0x00F155D5+480725]
	Ordinal0 [0x00F15035+479285]
	Ordinal0 [0x00F194B7+496823]
	Ordinal0 [0x00F14FE8+479208]
	Ordinal0 [0x00F15A3B+481851]
	Ordinal0 [0x00F153AC+480172]
	Ordinal0 [0x00F155D5+480725]
	Ordinal0 [0x00F15035+479285]
	Ordinal0 [0x00F11B5C+465756]
	Ordinal0 [0x00F14FE8+479208]
	Ordinal0 [0x00F14EC4+478916]
	Ordinal0 [0x00F1ECA0+519328]
	Ordinal0 [0x00ECCA67+182887]
	Ordinal0 [0x00ECBDDD+179677]
	Ordinal0 [0x00EC9D4B+171339]
	Ordinal0 [0x00EB1D4A+73034]
	Ordinal0 [0x00EB2DC0+77248]
	Ordinal0 [0x00EB2D59+77145]
	Ordinal0 [0x00FBBB67+1162087]
	GetHandleVerifier [0x010DA966+508998]
	GetHandleVerifier [0x010DA6A4+508292]
	GetHandleVerifier [0x010EF7B7+594583]
	GetHandleVerifier [0x010DB1D6+511158]
	Ordinal0 [0x00FB402C+1130540]
	Ordinal0 [0x00FBD4CB+1168587]
	Ordinal0 [0x00FBD633+1168947]
	Ordinal0 [0x00FD5B35+1268533]
	BaseThreadInitThunk [0x7640344D+18]
	RtlInitializeExceptionChain [0x77209802+99]
	RtlInitializeExceptionChain [0x772097D5+54]

	at sun.reflect.NativeConstructorAccessorImpl.newInstance0(Native Method)
	at sun.reflect.NativeConstructorAccessorImpl.newInstance(Unknown Source)
	at sun.reflect.DelegatingConstructorAccessorImpl.newInstance(Unknown Source)
	at java.lang.reflect.Constructor.newInstance(Unknown Source)
	at org.openqa.selenium.remote.W3CHandshakeResponse.lambda$errorHandler$0(W3CHandshakeResponse.java:62)
	at org.openqa.selenium.remote.HandshakeResponse.lambda$getResponseFunction$0(HandshakeResponse.java:30)
	at org.openqa.selenium.remote.ProtocolHandshake.lambda$createSession$0(ProtocolHandshake.java:126)
	at java.util.stream.ReferencePipeline$3$1.accept(Unknown Source)
	at java.util.Spliterators$ArraySpliterator.tryAdvance(Unknown Source)
	at java.util.stream.ReferencePipeline.forEachWithCancel(Unknown Source)
	at java.util.stream.AbstractPipeline.copyIntoWithCancel(Unknown Source)
	at java.util.stream.AbstractPipeline.copyInto(Unknown Source)
	at java.util.stream.AbstractPipeline.wrapAndCopyInto(Unknown Source)
	at java.util.stream.FindOps$FindOp.evaluateSequential(Unknown Source)
	at java.util.stream.AbstractPipeline.evaluate(Unknown Source)
	at java.util.stream.ReferencePipeline.findFirst(Unknown Source)
	at org.openqa.selenium.remote.ProtocolHandshake.createSession(ProtocolHandshake.java:128)
	at org.openqa.selenium.remote.ProtocolHandshake.createSession(ProtocolHandshake.java:74)
	at org.openqa.selenium.remote.HttpCommandExecutor.execute(HttpCommandExecutor.java:136)
	at org.openqa.selenium.remote.service.DriverCommandExecutor.execute(DriverCommandExecutor.java:83)
	at org.openqa.selenium.remote.RemoteWebDriver.execute(RemoteWebDriver.java:552)
	at org.openqa.selenium.remote.RemoteWebDriver.startSession(RemoteWebDriver.java:213)
	at org.openqa.selenium.remote.RemoteWebDriver.&lt;init&gt;(RemoteWebDriver.java:131)
	at org.openqa.selenium.chrome.ChromeDriver.&lt;init&gt;(ChromeDriver.java:181)
	at org.openqa.selenium.chrome.ChromeDriver.&lt;init&gt;(ChromeDriver.java:168)
	at org.openqa.selenium.chrome.ChromeDriver.&lt;init&gt;(ChromeDriver.java:123)
	at TestNGAnnotations.TCAutomobile.Test1(TCAutomobile.java:19)
	at sun.reflect.NativeMethodAccessorImpl.invoke0(Native Method)
	at sun.reflect.NativeMethodAccessorImpl.invoke(Unknown Source)
	at sun.reflect.DelegatingMethodAccessorImpl.invoke(Unknown Source)
	at java.lang.reflect.Method.invoke(Unknown Source)
	at org.testng.internal.MethodInvocationHelper.invokeMethod(MethodInvocationHelper.java:133)
	at org.testng.internal.TestInvoker.invokeMethod(TestInvoker.java:584)
	at org.testng.internal.TestInvoker.invokeTestMethod(TestInvoker.java:172)
	at org.testng.internal.MethodRunner.runInSequence(MethodRunner.java:46)
	at org.testng.internal.TestInvoker$MethodInvocationAgent.invoke(TestInvoker.java:804)
	at org.testng.internal.TestInvoker.invokeTestMethods(TestInvoker.java:145)
	at org.testng.internal.TestMethodWorker.invokeTestMethods(TestMethodWorker.java:146)
	at org.testng.internal.TestMethodWorker.run(TestMethodWorker.java:128)
	at java.util.ArrayList.forEach(Unknown Source)
	at org.testng.TestRunner.privateRun(TestRunner.java:770)
	at org.testng.TestRunner.run(TestRunner.java:591)
	at org.testng.SuiteRunner.runTest(SuiteRunner.java:402)
	at org.testng.SuiteRunner.runSequentially(SuiteRunner.java:396)
	at org.testng.SuiteRunner.privateRun(SuiteRunner.java:355)
	at org.testng.SuiteRunner.run(SuiteRunner.java:304)
	at org.testng.SuiteRunnerWorker.runSuite(SuiteRunnerWorker.java:53)
	at org.testng.SuiteRunnerWorker.run(SuiteRunnerWorker.java:96)
	at org.testng.TestNG.runSuitesSequentially(TestNG.java:1180)
	at org.testng.TestNG.runSuitesLocally(TestNG.java:1102)
	at org.testng.TestNG.runSuites(TestNG.java:1032)
	at org.testng.TestNG.run(TestNG.java:1000)
	at org.testng.remote.AbstractRemoteTestNG.run(AbstractRemoteTestNG.java:115)
	at org.testng.remote.RemoteTestNG.initAndRun(RemoteTestNG.java:251)
	at org.testng.remote.RemoteTestNG.main(RemoteTestNG.java:77)
</pre></div><a href='#' onClick='toggleBox("stack-trace130166095", this, "Click to show all stack frames", "Click to hide stack frames")'>Click to show all stack frames</a>
<div class='stack-trace' id='stack-trace130166095'><pre>org.openqa.selenium.SessionNotCreatedException: session not created
from disconnected: Unable to receive message from renderer
  (Session info: chrome=80.0.3987.132)
Build info: version: &apos;3.141.59&apos;, revision: &apos;e82be7d358&apos;, time: &apos;2018-11-14T08:25:53&apos;
System info: host: &apos;SHRIHAN-PC&apos;, ip: &apos;192.168.56.1&apos;, os.name: &apos;Windows 7&apos;, os.arch: &apos;amd64&apos;, os.version: &apos;6.1&apos;, java.version: &apos;1.8.0_231&apos;
Driver info: driver.version: ChromeDriver
remote stacktrace: Backtrace:
	Ordinal0 [0x01040C83+1707139]
	Ordinal0 [0x00FA68F1+1075441]
	Ordinal0 [0x00F1DFC9+516041]
	Ordinal0 [0x00F15DA5+482725]
	Ordinal0 [0x00F153AC+480172]
	Ordinal0 [0x00F155D5+480725]
	Ordinal0 [0x00F15035+479285]
	Ordinal0 [0x00F1CD25+511269]
	Ordinal0 [0x00F14FE8+479208]
	Ordinal0 [0x00F15A3B+481851]
	Ordinal0 [0x00F153AC+480172]
	Ordinal0 [0x00F155D5+480725]
	Ordinal0 [0x00F15035+479285]
	Ordinal0 [0x00F1B5AE+505262]
	Ordinal0 [0x00F14FE8+479208]
	Ordinal0 [0x00F15A3B+481851]
	Ordinal0 [0x00F153AC+480172]
	Ordinal0 [0x00F155D5+480725]
	Ordinal0 [0x00F15035+479285]
	Ordinal0 [0x00F19E1C+499228]
	Ordinal0 [0x00F14FE8+479208]
	Ordinal0 [0x00F15A3B+481851]
	Ordinal0 [0x00F153AC+480172]
	Ordinal0 [0x00F155D5+480725]
	Ordinal0 [0x00F15035+479285]
	Ordinal0 [0x00F194B7+496823]
	Ordinal0 [0x00F14FE8+479208]
	Ordinal0 [0x00F15A3B+481851]
	Ordinal0 [0x00F153AC+480172]
	Ordinal0 [0x00F155D5+480725]
	Ordinal0 [0x00F15035+479285]
	Ordinal0 [0x00F11B5C+465756]
	Ordinal0 [0x00F14FE8+479208]
	Ordinal0 [0x00F14EC4+478916]
	Ordinal0 [0x00F1ECA0+519328]
	Ordinal0 [0x00ECCA67+182887]
	Ordinal0 [0x00ECBDDD+179677]
	Ordinal0 [0x00EC9D4B+171339]
	Ordinal0 [0x00EB1D4A+73034]
	Ordinal0 [0x00EB2DC0+77248]
	Ordinal0 [0x00EB2D59+77145]
	Ordinal0 [0x00FBBB67+1162087]
	GetHandleVerifier [0x010DA966+508998]
	GetHandleVerifier [0x010DA6A4+508292]
	GetHandleVerifier [0x010EF7B7+594583]
	GetHandleVerifier [0x010DB1D6+511158]
	Ordinal0 [0x00FB402C+1130540]
	Ordinal0 [0x00FBD4CB+1168587]
	Ordinal0 [0x00FBD633+1168947]
	Ordinal0 [0x00FD5B35+1268533]
	BaseThreadInitThunk [0x7640344D+18]
	RtlInitializeExceptionChain [0x77209802+99]
	RtlInitializeExceptionChain [0x772097D5+54]

	at sun.reflect.NativeConstructorAccessorImpl.newInstance0(Native Method)
	at sun.reflect.NativeConstructorAccessorImpl.newInstance(Unknown Source)
	at sun.reflect.DelegatingConstructorAccessorImpl.newInstance(Unknown Source)
	at java.lang.reflect.Constructor.newInstance(Unknown Source)
	at org.openqa.selenium.remote.W3CHandshakeResponse.lambda$errorHandler$0(W3CHandshakeResponse.java:62)
	at org.openqa.selenium.remote.HandshakeResponse.lambda$getResponseFunction$0(HandshakeResponse.java:30)
	at org.openqa.selenium.remote.ProtocolHandshake.lambda$createSession$0(ProtocolHandshake.java:126)
	at java.util.stream.ReferencePipeline$3$1.accept(Unknown Source)
	at java.util.Spliterators$ArraySpliterator.tryAdvance(Unknown Source)
	at java.util.stream.ReferencePipeline.forEachWithCancel(Unknown Source)
	at java.util.stream.AbstractPipeline.copyIntoWithCancel(Unknown Source)
	at java.util.stream.AbstractPipeline.copyInto(Unknown Source)
	at java.util.stream.AbstractPipeline.wrapAndCopyInto(Unknown Source)
	at java.util.stream.FindOps$FindOp.evaluateSequential(Unknown Source)
	at java.util.stream.AbstractPipeline.evaluate(Unknown Source)
	at java.util.stream.ReferencePipeline.findFirst(Unknown Source)
	at org.openqa.selenium.remote.ProtocolHandshake.createSession(ProtocolHandshake.java:128)
	at org.openqa.selenium.remote.ProtocolHandshake.createSession(ProtocolHandshake.java:74)
	at org.openqa.selenium.remote.HttpCommandExecutor.execute(HttpCommandExecutor.java:136)
	at org.openqa.selenium.remote.service.DriverCommandExecutor.execute(DriverCommandExecutor.java:83)
	at org.openqa.selenium.remote.RemoteWebDriver.execute(RemoteWebDriver.java:552)
	at org.openqa.selenium.remote.RemoteWebDriver.startSession(RemoteWebDriver.java:213)
	at org.openqa.selenium.remote.RemoteWebDriver.&lt;init&gt;(RemoteWebDriver.java:131)
	at org.openqa.selenium.chrome.ChromeDriver.&lt;init&gt;(ChromeDriver.java:181)
	at org.openqa.selenium.chrome.ChromeDriver.&lt;init&gt;(ChromeDriver.java:168)
	at org.openqa.selenium.chrome.ChromeDriver.&lt;init&gt;(ChromeDriver.java:123)
	at TestNGAnnotations.TCAutomobile.Test1(TCAutomobile.java:19)
	at sun.reflect.NativeMethodAccessorImpl.invoke0(Native Method)
	at sun.reflect.NativeMethodAccessorImpl.invoke(Unknown Source)
	at sun.reflect.DelegatingMethodAccessorImpl.invoke(Unknown Source)
	at java.lang.reflect.Method.invoke(Unknown Source)
	at org.testng.internal.MethodInvocationHelper.invokeMethod(MethodInvocationHelper.java:133)
	at org.testng.internal.TestInvoker.invokeMethod(TestInvoker.java:584)
	at org.testng.internal.TestInvoker.invokeTestMethod(TestInvoker.java:172)
	at org.testng.internal.MethodRunner.runInSequence(MethodRunner.java:46)
	at org.testng.internal.TestInvoker$MethodInvocationAgent.invoke(TestInvoker.java:804)
	at org.testng.internal.TestInvoker.invokeTestMethods(TestInvoker.java:145)
	at org.testng.internal.TestMethodWorker.invokeTestMethods(TestMethodWorker.java:146)
	at org.testng.internal.TestMethodWorker.run(TestMethodWorker.java:128)
	at java.util.ArrayList.forEach(Unknown Source)
	at org.testng.TestRunner.privateRun(TestRunner.java:770)
	at org.testng.TestRunner.run(TestRunner.java:591)
	at org.testng.SuiteRunner.runTest(SuiteRunner.java:402)
	at org.testng.SuiteRunner.runSequentially(SuiteRunner.java:396)
	at org.testng.SuiteRunner.privateRun(SuiteRunner.java:355)
	at org.testng.SuiteRunner.run(SuiteRunner.java:304)
	at org.testng.SuiteRunnerWorker.runSuite(SuiteRunnerWorker.java:53)
	at org.testng.SuiteRunnerWorker.run(SuiteRunnerWorker.java:96)
	at org.testng.TestNG.runSuitesSequentially(TestNG.java:1180)
	at org.testng.TestNG.runSuitesLocally(TestNG.java:1102)
	at org.testng.TestNG.runSuites(TestNG.java:1032)
	at org.testng.TestNG.run(TestNG.java:1000)
	at org.testng.remote.AbstractRemoteTestNG.run(AbstractRemoteTestNG.java:115)
	at org.testng.remote.RemoteTestNG.initAndRun(RemoteTestNG.java:251)
	at org.testng.remote.RemoteTestNG.main(RemoteTestNG.java:77)
</pre></div></td>
<td>11</td>
<td>TestNGAnnotations.TCAutomobile@4f83df68</td></tr>
</table><p>
</body>
</html>